20221031	18:50:13	c01d0e2d-6c83-4541-b9b2-f3b605d6b90f	GET	/	undefined
20221031	18:50:13	6ef89e7f-0d16-43c2-a774-695eb1a7a78d	GET	/.css/style.css	undefined
20221031	18:50:13	fcfa71f1-c79d-4e4c-a2e3-87c534aa63eb	GET	/index.js	undefined
20221031	18:50:28	07bfcb46-d1eb-4a0a-919f-ae91602adf30	GET	/mario	undefined
20221031	18:50:28	edb288cb-bded-4ca3-807d-18ebbc8877cc	GET	/css/style.css	undefined
20221031	19:22:45	7768b5dc-7da7-4e49-a0c2-ca18b46630c3	GET	/mario	undefined
20221031	19:22:47	8bf33d49-ea32-4487-aee5-77590bd3657a	GET	/	undefined
20221031	19:23:59	8afd6dfe-7176-4b58-9436-3c4673ade2c8	GET	/	https://www.google.com
20221103	00:07:53	192dc705-7b24-4c18-a5a8-4796a58cff6f	GET	/users	undefined
20221103	00:09:54	69510041-ab64-45c9-9d0a-e80e1cd11053	GET	/users	undefined
20221103	00:13:49	a7bcf148-9d08-4d46-ae3d-c891851dccde	GET	/users	undefined
20221120	23:21:09	eb26716f-6e25-4313-ba91-a4a11845d9fb	GET	/	https://www.google.com
20221121	22:45:19	2356c4b4-ca14-4fc4-8d3e-569cf2c803e9	GET	/users	undefined
20221121	22:45:37	2373bfcb-b74b-4ae3-a5e3-c33b7d6ac8f8	POST	/users	undefined
20221121	23:18:49	579ac30a-8780-4980-a6eb-f6ec7b798dbc	POST	/users?username=carlos001&email=carlos@gmail.com&firstName%20=Carlos&lastName=Sanchez&password=12345678	undefined
20221121	23:21:30	2d8d9cbd-f366-4c26-9e1b-7e8a08452320	POST	/users	undefined
20221121	23:22:34	7672a2fc-1f84-4048-a320-229e388e5334	POST	/users	undefined
20221121	23:22:44	c648f1e8-b25e-4ade-bdb7-0675b2737340	POST	/users	undefined
20221121	23:24:12	c3d9f384-c5a4-4c13-9627-97b6e87198cb	POST	/users	undefined
20221121	23:24:28	5b5e36e3-8582-4898-a503-8fdd1bc14f71	POST	/users	undefined
20221121	23:24:40	eb624387-aae0-4df5-bc74-ce360ec87772	POST	/users	undefined
20221121	23:24:59	8fe32cc5-0a9e-4d7f-9aac-404be486fdc6	POST	/users	undefined
20221121	23:25:33	3a267974-8549-4b30-b782-a96f4fcba49a	POST	/users	undefined
20221121	23:25:50	af20bbb1-020a-4185-81b2-60d4b7a2c2d7	GET	/users	undefined
20221121	23:26:44	8e42e788-8b14-4353-bade-619eaf665413	POST	/users	undefined
20221121	23:26:56	199aef75-2665-4555-ae7c-c7aef8b828b9	POST	/users	undefined
20221121	23:27:03	ccbee378-d0cf-4cb0-b51d-1a01d4f188e9	POST	/users	undefined
20221121	23:28:36	5887b6fa-a3ae-4981-a015-8c87d896195c	GET	/users	undefined
20221121	23:28:57	65a93924-141a-448d-a401-1946e2896697	POST	/users	undefined
20221121	23:29:53	c162992d-f06a-4d42-9e6f-8b4c6ec97ba6	POST	/users	undefined
20221121	23:30:03	b340f0ba-6b61-43d1-8694-f2fc0cc9465a	POST	/users	undefined
20221121	23:30:09	998e0c12-e474-478a-a8c4-2aceeb816db0	POST	/users	undefined
20221121	23:30:21	dc732659-5199-4267-b85d-66cc0c10a13f	POST	/users	undefined
20221121	23:30:26	8492a7f9-4055-495f-82c1-31d399e1260e	POST	/users	undefined
20221121	23:30:31	b0e23a9e-b6b0-4e3c-9a3f-58e30247ca7c	POST	/users	undefined
20221121	23:33:19	275017a9-aea0-44cb-a9d8-2b2bcfcfc0ce	POST	/users	undefined
20221121	23:33:26	c70a2426-ce63-4db1-96e9-8a383406e7d8	POST	/users	undefined
20221121	23:34:25	cf572c1d-03d1-4094-8a71-c825defb4b90	POST	/users	undefined
20221121	23:34:33	48a106ac-e993-46fe-840a-1d7914b1496f	POST	/users	undefined
20221121	23:35:16	50f218e7-d7d1-4bad-9417-e2b475e86920	POST	/users	undefined
20221121	23:35:16	fac25ba0-b13d-44d2-90cf-7a03d84152e9	POST	/users	undefined
20221121	23:35:17	bca627d3-a1a7-403a-9bb3-434aad3fc0c1	POST	/users	undefined
20221121	23:35:32	56dce7c8-0d08-45b4-b75c-b978e38e5004	POST	/users	undefined
20221121	23:35:37	52debb47-a7ad-404f-9567-537b82d7d32f	POST	/users	undefined
20221121	23:36:03	5519b37c-1afc-4e29-b836-818ab80d1868	GET	/users	undefined
20221121	23:36:34	3a82f2f8-1a1e-4942-872e-856dd52c6372	PATCH	/users	undefined
20221121	23:36:40	baf5e098-fd9c-40da-a625-0410b61faccc	PATCH	/users	undefined
20221121	23:36:41	2631ab97-16c3-4b9c-ae3f-9a72c39c6e59	PATCH	/users	undefined
20221121	23:36:45	b5516ffb-bfb6-45f3-b372-c9a5df8631a3	PATCH	/users	undefined
20221121	23:36:55	71c8390f-adb5-4e8f-a8c8-a46fad984108	GET	/users	undefined
20221121	23:37:25	f80a9ae4-a660-4263-abd8-89ee6d8e4216	PATCH	/users	undefined
20221121	23:37:36	41b2d3c3-4ebf-4f93-ae43-0019e5186801	PATCH	/users	undefined
20221121	23:37:50	b7b62274-62f3-440b-a891-54a484f319b8	PATCH	/users	undefined
20221121	23:38:02	c63c3d2e-bc48-45cc-baf8-632e8a2a81dd	PATCH	/users	undefined
20221122	14:00:28	b0d1d897-f415-498b-8054-288af940b657	PATCH	/users	undefined
20221122	14:00:43	2ce6464d-bfb7-4703-923b-f1c050dfaa92	PATCH	/users	undefined
20221122	14:00:49	ad7a3f65-7ab1-4181-95a3-cedfbeb3279d	GET	/users	undefined
20221122	14:02:37	f2873255-2f81-430b-a67e-e045f3b238fb	DELETE	/users	undefined
20221122	14:02:43	4d919b2d-4325-4445-9792-b5f60b04e128	DELETE	/users	undefined
20221122	14:04:29	3d79c36d-6a72-420d-a4c4-2a2e0e53da63	DELETE	/users	undefined
20221122	14:04:33	65ae7e0f-f179-467f-aab7-43448eb8ce54	DELETE	/users	undefined
20221122	14:04:52	de609104-b82f-4ca1-b622-669de802f9ce	GET	/users	undefined
20221122	14:05:06	c5336d35-609d-410d-8163-00521914a4e9	DELETE	/users	undefined
20221122	14:05:09	027c5257-7b28-4de6-b5ec-8092ed2d00bd	DELETE	/users	undefined
20221122	14:05:15	3e8702d4-02b2-4e92-aaf8-d0baf720ed7d	DELETE	/users	undefined
20221122	14:06:44	792b15a3-e48e-48df-9dbd-56ec0c74f68f	GET	/users	undefined
20221122	14:06:58	7c435491-a881-4cee-a4dd-1e39c95251df	DELETE	/users	undefined
20221122	14:07:12	2e8372d3-2277-4fb3-b875-230e14091135	DELETE	/users	undefined
20221122	14:07:16	f0b351f7-07a2-4898-9a6b-c625b268d09c	DELETE	/users	undefined
20221122	14:07:19	e654eec0-44dc-4830-bf0e-6f88b95b5656	DELETE	/users	undefined
20221122	14:07:20	5e3298e3-6e93-4ab6-9892-69ea23e84bcb	DELETE	/users	undefined
20221122	14:08:33	c7f8a750-777a-4012-993f-cf449549eb88	GET	/users	undefined
20221122	14:08:58	39b36582-9503-48fb-b7b5-95cbdd78a7a0	DELETE	/users	undefined
20221122	14:09:02	2b9e7923-9b77-4bc0-a19d-2a8225abac80	DELETE	/users	undefined
20221122	14:13:36	b255ea25-8af2-4831-be7a-1b57c57ea771	DELETE	/users	undefined
20221122	14:13:45	17501981-264a-4f9e-b965-abe24730bc47	GET	/users	undefined
20221122	14:13:58	8a6ce441-783d-4820-a950-9df92bff2e10	DELETE	/users	undefined
20221122	14:14:12	62dcd56a-07c1-4a7e-8eb2-f588dafd96ca	DELETE	/users	undefined
20221122	14:14:15	2a1ec3c3-47be-407a-bf0c-070da9e4c810	GET	/users	undefined
20221122	14:14:26	a6efb6dc-2a9e-488e-a87f-200c5a94db05	DELETE	/users	undefined
20221122	14:14:29	bac3c1e3-b922-48e2-af48-49504bd8c34b	GET	/users	undefined
20221122	14:14:44	4cb4a9ce-17d7-445b-a3f5-182a1da4b96e	DELETE	/users	undefined
20221122	14:14:48	26035c7d-9ef9-4c8b-b564-7a2fe308fcd2	GET	/users	undefined
20221122	14:15:01	ae0d58cf-0534-410e-9b72-72bf83aa6191	DELETE	/users	undefined
20221122	14:15:05	f43abdf3-04cf-4a8a-b429-ae752052dddc	DELETE	/users	undefined
20221122	14:15:08	60936149-fbfb-4d7e-8539-524f6115bd02	GET	/users	undefined
20221122	14:15:23	34926e69-8c63-44e3-ab26-629536b58c9c	DELETE	/users	undefined
20221122	14:15:25	0254754d-ebed-4cb2-b99a-34008c619e5c	GET	/users	undefined
20221122	14:15:38	2d4d21da-3b2d-4ac4-8e73-0e6e61587d0f	DELETE	/users	undefined
20221122	14:15:41	68f8466f-0c07-4152-ab01-ed4b39b3e46a	GET	/users	undefined
20221122	14:16:29	dd635fba-a8b3-45f5-8e6a-ee7351ac5714	POST	/users	undefined
20221122	14:17:02	8c198589-550c-4bca-b084-ca343a23ac4e	POST	/users	undefined
20221122	14:17:07	23becee0-bcb3-4450-9d64-8b30b575d662	POST	/users	undefined
20221122	14:17:10	39c01034-cf3a-4563-9e9a-f816a310503f	GET	/users	undefined
20221129	13:41:02	b1f54b7b-ff1a-4f55-8a03-85abc792c3cd	GET	/users	undefined
20221129	14:59:14	eddc107e-a80f-452f-82eb-59c79d583a8d	GET	/auth	undefined
20221129	14:59:18	fcc7cd52-2db3-49e0-828a-a01d25c859c6	GET	/auth	undefined
20221129	14:59:43	00cb2c59-c06a-4e55-8a9f-cdf088c3ed65	POST	/auth	undefined
20221129	15:03:04	e6b33589-05ca-41d5-ba05-5bcb328b55b0	GET	/auth/refresh	undefined
20221129	15:04:33	0f7847df-33eb-454e-84bc-de79787628ff	POST	/auth/logout	undefined
20221129	15:04:53	fe99ff47-944f-4de6-9eb1-44125810363b	POST	/auth/	undefined
20221129	15:05:16	c6b0fc23-402e-484a-acaf-8bcfca792d55	POST	/auth/logout	undefined
20221129	15:05:21	b4e91c06-60c6-4cf1-b817-012b77284c00	POST	/auth/logout	undefined
20221129	15:05:22	d9f31c3f-4846-417c-ad0a-82e21bc106d7	POST	/auth/logout	undefined
20221129	15:05:30	19d00a57-17fe-4a02-ba08-db50e79fb7c1	POST	/auth/logout	undefined
20221129	15:05:32	ae25cce5-6844-4175-836e-2d63f89aa1bd	GET	/auth/logout	undefined
20221129	15:05:46	04dca704-e07f-4153-b73f-c33eafbf631c	POST	/auth/logout	undefined
20221129	15:05:53	42471423-704d-49c0-bf3c-3cb8a7968078	POST	/auth/	undefined
20221129	15:06:01	ee80789c-8839-4ead-bfbb-93b31efb7965	POST	/auth/	undefined
20221129	15:06:04	b43cae62-0fd0-4411-b638-59059e992ed4	POST	/auth/	undefined
20221129	15:06:09	3bbbb8a6-38a6-4933-b4c1-4a03271a6bad	POST	/auth//logout	undefined
20221129	15:06:14	1f89b0fe-72b1-489f-98ae-19ebd00a294a	POST	/auth//logout	undefined
20221129	15:06:37	f1147067-825c-4341-b9d8-ba4365556fae	POST	/auth/logout	undefined
20221129	15:06:51	46763efe-e0ff-4238-8f0b-77dc01d9e3d0	POST	/auth	undefined
20221129	15:07:09	8a976ac2-5745-4a5d-aba9-9ad3837b1d68	POST	/auth/logout	undefined
20221129	15:07:30	62a94235-61a7-498f-a1bc-49e253499983	POST	/auth/	undefined
20221129	16:12:54	9e66608d-c8aa-43b6-9b29-884689d50fad	GET	/main.8bd58a813e5a622f3125.hot-update.json	undefined
20221129	16:13:19	c774d22a-9d2b-4a38-ad87-cfd9683be1bf	POST	/auth	http://localhost:3500
20221129	16:13:36	64a9f43c-56a8-4999-8176-dbaddcd92d60	POST	/auth/logout	http://localhost:3500
20221129	16:14:02	667f0f61-da5a-4015-a0d9-40e83d78269c	GET	/users	undefined
20221129	16:14:08	79e9f868-ff42-4129-b28f-66f5963cc538	GET	/users	undefined
20221129	16:14:08	6c9dd7b4-e3bc-45f1-b01b-4dda643bbc45	GET	/users	undefined
20221129	16:14:20	a1d1f5c1-0de4-47b9-b68f-b8def7d5a263	GET	/users	undefined
20221129	16:14:21	cbb5f314-f723-4771-b0f1-3de47348e82a	GET	/users	undefined
20221129	16:14:26	bc776c36-a1bc-4d0b-96b1-bf54f780772f	GET	/users	undefined
20221129	16:14:27	babadee5-9b1f-4135-a581-1c2c425a1dfb	GET	/users	undefined
20221129	16:14:29	c5e5bd51-4db8-4fd4-ab9c-80e29604f0c3	POST	/users	undefined
20221129	16:14:30	519d0eec-d014-47d7-8c53-3d44f7ce862d	POST	/users	undefined
20221129	16:15:59	6d7ea55e-8091-47e4-a769-08302594c876	GET	/users	undefined
20221129	16:16:00	124bf6e9-e291-414d-85cd-48fd32f03244	GET	/users	undefined
20221129	16:16:57	eb86aad8-6660-40b7-aa4e-c0569a9cae5b	POST	/users?username=Carlos&password=!carloss&firstName=Carlos&lastName=Sanchez&email=carlos@gmail.com&role=Agent	undefined
20221129	16:16:58	8edddad5-504b-42a7-831c-dcf79fa5c441	POST	/users?username=Carlos&password=!carloss&firstName=Carlos&lastName=Sanchez&email=carlos@gmail.com&role=Agent	undefined
20221129	16:18:00	f5e64494-6474-40a7-8380-29adac687191	GET	/users	undefined
20221129	16:20:09	f1aabcbe-98f1-4875-afad-948a662b3b50	POST	/auth/logout	http://localhost:3500
20221129	16:20:52	a4cbb92f-26f0-4938-81de-3f3e372688bd	POST	/users	undefined
20221129	16:21:04	4991f0bd-42c2-4bdc-8e72-6bcf880f05d7	POST	/users	undefined
20221129	16:21:42	4d51125c-09bf-4354-9c40-258b568c7fd3	POST	/users	undefined
20221129	16:22:04	1798c3a4-6608-440c-853e-4a6ce9487117	POST	/users	undefined
20221129	16:22:09	d5621a6b-6eb9-4692-84bc-5ce5a4081d48	POST	/users	undefined
20221129	16:22:22	47fcd9f8-8753-42cd-8fb7-4232da5230bc	POST	/users	undefined
20221129	16:23:52	80da6223-fb8b-49a4-9bc9-292b2a308666	POST	/users	undefined
20221129	16:24:22	21627a4e-ac02-414d-afed-89100c6fcac1	POST	/auth	http://localhost:3500
20221129	16:24:25	d0547d1d-9fee-4b43-924a-3dc94d4d57ff	POST	/auth	http://localhost:3500
20221129	16:24:32	70e2f01c-ff1e-49e1-8f96-61de1216851f	POST	/auth	http://localhost:3500
20221129	16:25:11	353f383b-9d68-465e-bfd3-952a70f1aa66	POST	/auth/logout	http://localhost:3500
20221129	16:25:19	89b0c5d0-dd27-403c-91ae-75aac8f1aff0	GET	/logo192.png	undefined
20221129	16:25:20	71b46a53-61cf-4b3e-972f-22f88a536bda	POST	/auth/logout	http://localhost:3500
20221129	16:29:23	a482b37e-929c-4e0b-a706-bc9641eaff40	POST	/auth	http://localhost:3500
20221129	16:29:27	dec22518-6202-4526-8c55-9f5f73ba0a76	POST	/auth/logout	http://localhost:3500
20221129	17:58:50	798a2449-d190-47ea-9543-8ab3f178499e	POST	/auth	http://localhost:3500
20221129	17:59:08	3e9dbd79-85ea-430b-9e87-f4f51968183e	GET	/main.64908152628700040f94.hot-update.json	undefined
20221129	18:18:59	195294c7-55f6-4276-91d4-24e030a3fe81	GET	/logo192.png	undefined
20221129	18:18:59	9be9384d-6926-4028-8b08-04c8d2570d65	GET	/favicon.ico	undefined
20221130	13:51:02	9d6f854a-4870-496c-b9fd-54beccf999c2	POST	/auth	http://localhost:3500
20221130	13:52:04	e96fca2a-ca17-46d7-9a45-35c54ff703fb	POST	/auth/logout	http://localhost:3500
20221130	13:52:25	0f868e8a-b813-4f6f-b85d-9d7cd0229d58	POST	/auth	http://localhost:3500
20221130	14:03:02	8208c73f-2571-4fbe-9888-69453ebaa94d	POST	/auth/logout	http://localhost:3500
20221130	15:20:44	19ce5213-959b-49ab-8d43-ca0ea4bdbe9f	POST	/auth	http://localhost:3500
20221130	16:31:18	ebf20b99-e4f5-4449-a6bb-16e35c938830	POST	/auth	http://localhost:3500
20221130	23:02:38	ddfdd8dc-26a8-4040-881f-ca4cad65422f	POST	/auth	http://localhost:3500
20221130	23:04:32	ddec49a2-c2ed-4523-9e29-208783e7577c	POST	/auth/logout	http://localhost:3500
20221130	23:04:38	779f0ad5-89ef-4a8d-bc98-594ac4a17a0f	POST	/auth	http://localhost:3500
